<?xml version="1.0" encoding="UTF-8"?>
<!-- Generated by org.testng.reporters.JUnitReportReporter -->
<testsuite skipped="0" hostname="CDC2-L-01349RP" name="Ebay.login" tests="1" failures="0" timestamp="27 Jun 2020 06:21:15 GMT" time="14.364" errors="0">
  <testcase name="log" time="14.364" classname="Ebay.login"/>
</testsuite> <!-- Ebay.login -->
