<?xml version="1.0" encoding="UTF-8"?>
<!-- Generated by org.testng.reporters.JUnitReportReporter -->
<testsuite skipped="0" hostname="CDC2-L-01349RP" name="Ebay.test" tests="2" failures="0" timestamp="03 Jul 2020 12:42:29 GMT" time="36.097" errors="0">
  <testcase name="search_available" time="20.379" classname="Ebay.test"/>
  <testcase name="Search_text" time="15.718" classname="Ebay.test"/>
</testsuite> <!-- Ebay.test -->
