<?xml version="1.0" encoding="UTF-8"?>
<!-- Generated by org.testng.reporters.JUnitReportReporter -->
<testsuite skipped="0" hostname="CDC2-L-01349RP" name="Ebay.test" tests="2" failures="0" timestamp="30 Jun 2020 13:31:40 GMT" time="22.401" errors="0">
  <testcase name="search_available" time="11.287" classname="Ebay.test"/>
  <testcase name="Search_text" time="11.114" classname="Ebay.test"/>
</testsuite> <!-- Ebay.test -->
